<?xml version="1.0" encoding="UTF-8"?>
<!-- Generated by org.testng.reporters.JUnitReportReporter -->
<testsuite skipped="0" hostname="xyz-PC" name="com.ibanking.testCases.TC_LoginTest_001" tests="1" failures="0" timestamp="28 Sep 2019 12:12:37 GMT" time="20.674" errors="0">
  <testcase name="loginItest" time="20.674" classname="com.ibanking.testCases.TC_LoginTest_001"/>
</testsuite> <!-- com.ibanking.testCases.TC_LoginTest_001 -->
